mode: set
github.com/chris-ramon/golang-scaffolding/domain/auth/handler.go:23.47,24.54 1 1
github.com/chris-ramon/golang-scaffolding/domain/auth/handler.go:24.54,26.3 1 1
github.com/chris-ramon/golang-scaffolding/domain/auth/handler.go:29.54,30.54 1 1
github.com/chris-ramon/golang-scaffolding/domain/auth/handler.go:30.54,33.17 3 1
github.com/chris-ramon/golang-scaffolding/domain/auth/handler.go:39.3,40.17 2 1
github.com/chris-ramon/golang-scaffolding/domain/auth/handler.go:46.3,46.30 1 1
github.com/chris-ramon/golang-scaffolding/domain/auth/handler.go:33.17,37.4 3 1
github.com/chris-ramon/golang-scaffolding/domain/auth/handler.go:40.17,44.4 3 1
github.com/chris-ramon/golang-scaffolding/domain/auth/handler.go:50.50,51.54 1 1
github.com/chris-ramon/golang-scaffolding/domain/auth/handler.go:51.54,53.17 2 1
github.com/chris-ramon/golang-scaffolding/domain/auth/handler.go:59.3,64.57 2 1
github.com/chris-ramon/golang-scaffolding/domain/auth/handler.go:70.3,71.17 2 1
github.com/chris-ramon/golang-scaffolding/domain/auth/handler.go:77.3,77.30 1 1
github.com/chris-ramon/golang-scaffolding/domain/auth/handler.go:53.17,57.4 3 1
github.com/chris-ramon/golang-scaffolding/domain/auth/handler.go:64.57,68.4 3 1
github.com/chris-ramon/golang-scaffolding/domain/auth/handler.go:71.17,75.4 3 1
github.com/chris-ramon/golang-scaffolding/domain/auth/handler.go:82.45,84.2 1 1
github.com/chris-ramon/golang-scaffolding/domain/auth/route.go:19.38,37.2 1 1
github.com/chris-ramon/golang-scaffolding/domain/auth/route.go:39.43,41.2 1 1
github.com/chris-ramon/golang-scaffolding/domain/auth/service.go:13.97,15.16 2 1
github.com/chris-ramon/golang-scaffolding/domain/auth/service.go:19.2,21.8 1 1
github.com/chris-ramon/golang-scaffolding/domain/auth/service.go:15.16,17.3 1 1
github.com/chris-ramon/golang-scaffolding/domain/auth/service.go:24.106,30.16 3 1
github.com/chris-ramon/golang-scaffolding/domain/auth/service.go:34.2,37.8 1 1
github.com/chris-ramon/golang-scaffolding/domain/auth/service.go:30.16,32.3 1 1
github.com/chris-ramon/golang-scaffolding/domain/auth/service.go:40.44,42.2 1 1
github.com/chris-ramon/golang-scaffolding/pkg/ctxutil/ctxutil.go:12.78,14.2 1 1
github.com/chris-ramon/golang-scaffolding/pkg/ctxutil/ctxutil.go:16.66,18.39 2 1
github.com/chris-ramon/golang-scaffolding/pkg/ctxutil/ctxutil.go:21.2,21.40 1 1
github.com/chris-ramon/golang-scaffolding/pkg/ctxutil/ctxutil.go:18.39,20.3 1 1
